0
4
11
22
37
56
80
110
144
180
217
270
319
371
424
484
547
610
681
759
843
927
1014
1101
1196
1359
1535
1721
1893
2018
2135
2268
2398
2541
2719
2860
3011
3209
3408
3614
3810
3989
4180
4370
4565
4765
4963
5169
5356
5569
5789
6000
6259
6539
6753
6961
7198
7423
7652
7899
8135
8365
8624
8882
9177
9480
9731
9996
10268
10568
10837
11125
11452
11746
12040
12408
12723
13048
13361
13670
13992
14334
14673
15014
15357
15697
16070
16450
16796
17211
17585
17961
18409
18777
19148
19541
19940
20358
20759
21191
