1
74
83
94
109
129
157
184
215
255
294
342
389
442
501
560
651
728
833
924
1011
1113
1219
1316
1453
1616
1803
1913
2023
2158
2283
2405
2531
2664
2798
2939
3080
3225
3374
3529
3687
3850
4015
4185
4362
4583
4867
5081
5309
5513
5712
6073
6301
6551
6799
7037
7280
7535
7795
8047
8301
8569
8808
9057
9387
9649
9925
10213
10490
10794
11124
11418
11704
11990
12287
12757
13129
13457
13972
14597
14939
15329
15687
16062
16440
16810
17164
17579
17945
18393
18759
19294
19693
20118
20546
20988
21449
21837
22273
22709
