1
5
16
30
49
86
111
140
176
218
268
318
375
432
490
556
631
711
790
891
992
1082
1186
1284
1387
1494
1609
1744
1864
2013
2140
2274
2416
2561
2718
2873
3093
3288
3462
3635
3810
4002
4202
4375
4559
4760
4963
5184
5379
5584
5795
6036
6255
6508
6719
6950
7245
7503
7758
8004
8258
8503
8779
9079
9357
9642
9914
10198
10504
10802
11101
11392
11695
12001
12315
12636
12942
13241
13594
13918
14244
14577
14921
15248
15597
15953
16308
16677
17027
17392
17773
18149
18526
18925
19323
19718
20110
20518
20930
21348
